[01m[K/home/szf/ROS/catkin_ws_3/src/traj_visualize/src/example0_node.cpp:1:10:[m[K [01;31m[Kfatal error: [m[Kamtraj/am_traj.hpp: æ²¡æœ‰é‚£ä¸ªæ–‡ä»¶æˆ–ç›®å½•
    1 | #include [01;31m[K"amtraj/am_traj.hpp"[m[K
      |          [01;31m[K^~~~~~~~~~~~~~~~~~~~[m[K
[01m[K/home/szf/ROS/catkin_ws_3/src/traj_visualize/src/traj_plan_3D.cpp:1:10:[m[K [01;31m[Kfatal error: [m[Kam_traj/am_traj.hpp: æ²¡æœ‰é‚£ä¸ªæ–‡ä»¶æˆ–ç›®å½•
    1 | #include [01;31m[K"am_traj/am_traj.hpp"[m[K
      |          [01;31m[K^~~~~~~~~~~~~~~~~~~~~[m[K
compilation terminated.
compilation terminated.
make[2]: *** [CMakeFiles/example0_node.dir/build.make:63ï¼šCMakeFiles/example0_node.dir/src/example0_node.cpp.o] é”™è¯¯ 1
make[2]: *** [CMakeFiles/traj_plan_3D.dir/build.make:63ï¼šCMakeFiles/traj_plan_3D.dir/src/traj_plan_3D.cpp.o] é”™è¯¯ 1
make[1]: *** [CMakeFiles/Makefile2:169ï¼šCMakeFiles/traj_plan_3D.dir/all] é”™è¯¯ 2
make[1]: *** æ­£åœ¨ç­‰å¾…æœªå®Œæˆçš„ä»»åŠ¡....
make[1]: *** [CMakeFiles/Makefile2:196ï¼šCMakeFiles/example0_node.dir/all] é”™è¯¯ 2
[01m[K/home/szf/ROS/catkin_ws_3/src/traj_visualize/src/traj_plan.cpp:7:10:[m[K [01;31m[Kfatal error: [m[Ktraj_visualize/include/amtraj/am_traj.hpp: æ²¡æœ‰é‚£ä¸ªæ–‡ä»¶æˆ–ç›®å½•
    7 | #include [01;31m[K"traj_visualize/include/amtraj/am_traj.hpp"[m[K
      |          [01;31m[K^~~~~~~~~~~~~~~~~~~~~~~~~~~~~~~~~~~~~~~~~~~[m[K
compilation terminated.
make[2]: *** [CMakeFiles/traj_plan.dir/build.make:63ï¼šCMakeFiles/traj_plan.dir/src/traj_plan.cpp.o] é”™è¯¯ 1
make[1]: *** [CMakeFiles/Makefile2:574ï¼šCMakeFiles/traj_plan.dir/all] é”™è¯¯ 2
make: *** [Makefile:141ï¼šall] é”™è¯¯ 2
