[01m[K/home/szf/ROS/catkin_ws_3/src/traj_visualize/src/traj_plan_3D.cpp:8:10:[m[K [01;31m[Kfatal error: [m[Kamtraj/am_traj.hpp: æ²¡æœ‰é‚£ä¸ªæ–‡ä»¶æˆ–ç›®å½•
    8 | #include [01;31m[K"amtraj/am_traj.hpp"[m[K
      |          [01;31m[K^~~~~~~~~~~~~~~~~~~~[m[K
compilation terminated.
[01m[K/home/szf/ROS/catkin_ws_3/src/traj_visualize/src/traj_plan.cpp:2:10:[m[K [01;31m[Kfatal error: [m[Kamtraj/am_traj.hpp: æ²¡æœ‰é‚£ä¸ªæ–‡ä»¶æˆ–ç›®å½•
    2 | #include [01;31m[K"amtraj/am_traj.hpp"[m[K
      |          [01;31m[K^~~~~~~~~~~~~~~~~~~~[m[K
compilation terminated.
make[2]: *** [CMakeFiles/traj_plan_3D.dir/build.make:63ï¼šCMakeFiles/traj_plan_3D.dir/src/traj_plan_3D.cpp.o] é”™è¯¯ 1
make[1]: *** [CMakeFiles/Makefile2:169ï¼šCMakeFiles/traj_plan_3D.dir/all] é”™è¯¯ 2
make[1]: *** æ­£åœ¨ç­‰å¾…æœªå®Œæˆçš„ä»»åŠ¡....
make[2]: *** [CMakeFiles/traj_plan.dir/build.make:63ï¼šCMakeFiles/traj_plan.dir/src/traj_plan.cpp.o] é”™è¯¯ 1
make[1]: *** [CMakeFiles/Makefile2:574ï¼šCMakeFiles/traj_plan.dir/all] é”™è¯¯ 2
[01m[K/home/szf/ROS/catkin_ws_3/src/traj_visualize/src/example0_node.cpp:11:10:[m[K [01;31m[Kfatal error: [m[Kamtraj/am_traj.hpp: æ²¡æœ‰é‚£ä¸ªæ–‡ä»¶æˆ–ç›®å½•
   11 | #include [01;31m[K"amtraj/am_traj.hpp"[m[K
      |          [01;31m[K^~~~~~~~~~~~~~~~~~~~[m[K
compilation terminated.
make[2]: *** [CMakeFiles/example0_node.dir/build.make:63ï¼šCMakeFiles/example0_node.dir/src/example0_node.cpp.o] é”™è¯¯ 1
make[1]: *** [CMakeFiles/Makefile2:196ï¼šCMakeFiles/example0_node.dir/all] é”™è¯¯ 2
make: *** [Makefile:141ï¼šall] é”™è¯¯ 2
