[  0%] Built target trajectory_msgs_generate_messages_nodejs
[  0%] Built target std_srvs_generate_messages_lisp
[  0%] Built target actionlib_generate_messages_cpp
[  0%] Built target tf2_msgs_generate_messages_cpp
[  0%] Built target trajectory_msgs_generate_messages_lisp
[  0%] Built target actionlib_generate_messages_nodejs
[  0%] Built target std_srvs_generate_messages_nodejs
[  0%] Built target geometry_msgs_generate_messages_eus
[  0%] Built target trajectory_msgs_generate_messages_cpp
[  0%] Built target std_msgs_generate_messages_nodejs
[  0%] Built target actionlib_msgs_generate_messages_nodejs
[  0%] Built target tf2_msgs_generate_messages_nodejs
[  0%] Built target std_srvs_generate_messages_eus
[  0%] Built target tf2_msgs_generate_messages_lisp
[  0%] Built target actionlib_msgs_generate_messages_eus
[  0%] Built target rosgraph_msgs_generate_messages_lisp
[  0%] Built target roscpp_generate_messages_py
[  0%] Built target roscpp_generate_messages_cpp
[  0%] Built target nav_msgs_generate_messages_cpp
[  0%] Built target trajectory_msgs_generate_messages_eus
[  0%] Built target geometry_msgs_generate_messages_nodejs
[  0%] Built target rosgraph_msgs_generate_messages_py
[  0%] Built target geometry_msgs_generate_messages_cpp
[  0%] Built target actionlib_generate_messages_lisp
[  0%] Built target diagnostic_msgs_generate_messages_eus
[  0%] Built target roscpp_generate_messages_lisp
[  0%] Built target std_msgs_generate_messages_py
[  0%] Built target std_msgs_generate_messages_cpp
[  0%] Built target std_srvs_generate_messages_cpp
[  0%] Built target diagnostic_msgs_generate_messages_cpp
[  0%] Built target mavros_msgs_generate_messages_eus
[  0%] Built target std_msgs_generate_messages_lisp
[  0%] Built target geometry_msgs_generate_messages_lisp
[  0%] Built target diagnostic_msgs_generate_messages_lisp
[  0%] Built target actionlib_generate_messages_py
[  0%] Built target nav_msgs_generate_messages_eus
[  0%] Built target actionlib_generate_messages_eus
[  0%] Built target rosgraph_msgs_generate_messages_cpp
[  0%] Built target uuid_msgs_generate_messages_lisp
[  0%] Built target trajectory_msgs_generate_messages_py
[  0%] Built target roscpp_generate_messages_nodejs
[  0%] Built target diagnostic_msgs_generate_messages_nodejs
[  0%] Built target uuid_msgs_generate_messages_cpp
[  0%] Built target mavros_msgs_generate_messages_py
[  0%] Built target roscpp_generate_messages_eus
[  0%] Built target uuid_msgs_generate_messages_eus
[  0%] Built target geometry_msgs_generate_messages_py
[  0%] Built target tf2_msgs_generate_messages_eus
[  0%] Built target sensor_msgs_generate_messages_py
[  0%] Built target rosgraph_msgs_generate_messages_nodejs
[  0%] Built target nav_msgs_generate_messages_py
[  0%] Built target geographic_msgs_generate_messages_eus
[  0%] Built target rosgraph_msgs_generate_messages_eus
[  0%] Built target geographic_msgs_generate_messages_lisp
[  0%] Built target nav_msgs_generate_messages_nodejs
[  0%] Built target std_srvs_generate_messages_py
[  0%] Built target geographic_msgs_generate_messages_cpp
[  0%] Built target sensor_msgs_generate_messages_cpp
[  0%] Built target geographic_msgs_generate_messages_py
[  0%] Built target geographic_msgs_generate_messages_nodejs
[  0%] Built target diagnostic_msgs_generate_messages_py
[  0%] Built target sensor_msgs_generate_messages_eus
[  0%] Built target sensor_msgs_generate_messages_lisp
[  0%] Built target uuid_msgs_generate_messages_nodejs
[  0%] Built target tf2_msgs_generate_messages_py
[  0%] Built target mavros_msgs_generate_messages_nodejs
[  0%] Built target mavros_msgs_generate_messages_cpp
[  0%] Built target uuid_msgs_generate_messages_py
[  0%] Built target actionlib_msgs_generate_messages_py
[  0%] Built target mavros_msgs_generate_messages_lisp
[  0%] Built target sensor_msgs_generate_messages_nodejs
[  0%] Built target actionlib_msgs_generate_messages_cpp
[  0%] Built target nav_msgs_generate_messages_lisp
[  0%] Built target std_msgs_generate_messages_eus
[  0%] Built target actionlib_msgs_generate_messages_lisp
[ 23%] Built target mavros
[ 27%] Built target gcs_bridge
[ 31%] Built target mavros_node
[35m[1mScanning dependencies of target mavros_plugins[0m
[ 34%] [32mBuilding CXX object CMakeFiles/mavros_plugins.dir/src/plugins/speed_control.cpp.o[0m
In file included from [01m[K/home/szf/ROS/catkin_ws_3/devel/include/mavlink/v1.0/common/../protocol.h:5[m[K,
                 from [01m[K/home/szf/ROS/catkin_ws_3/devel/include/mavlink/v1.0/common/common.h:30[m[K,
                 from [01m[K/home/szf/ROS/catkin_ws_3/devel/include/mavlink/v1.0/common/mavlink.h:32[m[K,
                 from [01m[K/home/szf/ROS/catkin_ws_3/src/mavros/mavros/src/plugins/speed_control.cpp:12[m[K:
[01m[K/home/szf/ROS/catkin_ws_3/devel/include/mavlink/v1.0/common/../mavlink_types.h:23:[m[K [01;35m[Kwarning: [m[K"MAVLINK_CORE_HEADER_LEN" redefined
   23 | #define MAVLINK_CORE_HEADER_LEN 5 ///< Length of core header (of the comm. layer): message length (1 byte) + message sequence (1 byte) + message system id (1 byte) + message component id (1 byte) + message type id (1 byte)
      | 
In file included from [01m[K/home/szf/ROS/catkin_ws_3/devel/include/mavlink/v2.0/common/../message.hpp:16[m[K,
                 from [01m[K/home/szf/ROS/catkin_ws_3/devel/include/mavlink/v2.0/common/common.hpp:16[m[K,
                 from [01m[K/home/szf/ROS/catkin_ws_3/src/mavros/libmavconn/include/mavconn/mavlink_dialect.h:26[m[K,
                 from [01m[K/home/szf/ROS/catkin_ws_3/src/mavros/libmavconn/include/mavconn/interface.h:37[m[K,
                 from [01m[K/home/szf/ROS/catkin_ws_3/src/mavros/mavros/include/mavros/mavros_plugin.h:24[m[K,
                 from [01m[K/home/szf/ROS/catkin_ws_3/src/mavros/mavros/src/plugins/speed_control.cpp:9[m[K:
[01m[K/home/szf/ROS/catkin_ws_3/devel/include/mavlink/v2.0/common/../mavlink_types.h:27:[m[K [01;36m[Knote: [m[Kthis is the location of the previous definition
   27 | #define MAVLINK_CORE_HEADER_LEN 9 ///< Length of core header (of the comm. layer)
      | 
In file included from [01m[K/home/szf/ROS/catkin_ws_3/devel/include/mavlink/v1.0/common/../protocol.h:5[m[K,
                 from [01m[K/home/szf/ROS/catkin_ws_3/devel/include/mavlink/v1.0/common/common.h:30[m[K,
                 from [01m[K/home/szf/ROS/catkin_ws_3/devel/include/mavlink/v1.0/common/mavlink.h:32[m[K,
                 from [01m[K/home/szf/ROS/catkin_ws_3/src/mavros/mavros/src/plugins/speed_control.cpp:12[m[K:
[01m[K/home/szf/ROS/catkin_ws_3/devel/include/mavlink/v1.0/common/../mavlink_types.h:28:[m[K [01;35m[Kwarning: [m[K"MAVLINK_MAX_PACKET_LEN" redefined
   28 | #define MAVLINK_MAX_PACKET_LEN (MAVLINK_MAX_PAYLOAD_LEN + MAVLINK_NUM_NON_PAYLOAD_BYTES) ///< Maximum packet length
      | 
In file included from [01m[K/home/szf/ROS/catkin_ws_3/devel/include/mavlink/v2.0/common/../message.hpp:16[m[K,
                 from [01m[K/home/szf/ROS/catkin_ws_3/devel/include/mavlink/v2.0/common/common.hpp:16[m[K,
                 from [01m[K/home/szf/ROS/catkin_ws_3/src/mavros/libmavconn/include/mavconn/mavlink_dialect.h:26[m[K,
                 from [01m[K/home/szf/ROS/catkin_ws_3/src/mavros/libmavconn/include/mavconn/interface.h:37[m[K,
                 from [01m[K/home/szf/ROS/catkin_ws_3/src/mavros/mavros/include/mavros/mavros_plugin.h:24[m[K,
                 from [01m[K/home/szf/ROS/catkin_ws_3/src/mavros/mavros/src/plugins/speed_control.cpp:9[m[K:
[01m[K/home/szf/ROS/catkin_ws_3/devel/include/mavlink/v2.0/common/../mavlink_types.h:35:[m[K [01;36m[Knote: [m[Kthis is the location of the previous definition
   35 | #define MAVLINK_MAX_PACKET_LEN (MAVLINK_MAX_PAYLOAD_LEN + MAVLINK_NUM_NON_PAYLOAD_BYTES + MAVLINK_SIGNATURE_BLOCK_LEN) ///< Maximum packet length
      | 
In file included from [01m[K/home/szf/ROS/catkin_ws_3/devel/include/mavlink/v1.0/common/../protocol.h:85[m[K,
                 from [01m[K/home/szf/ROS/catkin_ws_3/devel/include/mavlink/v1.0/common/common.h:30[m[K,
                 from [01m[K/home/szf/ROS/catkin_ws_3/devel/include/mavlink/v1.0/common/mavlink.h:32[m[K,
                 from [01m[K/home/szf/ROS/catkin_ws_3/src/mavros/mavros/src/plugins/speed_control.cpp:12[m[K:
[01m[K/home/szf/ROS/catkin_ws_3/devel/include/mavlink/v1.0/common/../mavlink_helpers.h:[m[K In function ‘[01m[Kuint16_t mavlink_finalize_message_chan(mavlink_message_t*, uint8_t, uint8_t, uint8_t, uint8_t, uint8_t, uint8_t)[m[K’:
[01m[K/home/szf/ROS/catkin_ws_3/devel/include/mavlink/v1.0/common/../mavlink_helpers.h:86:24:[m[K [01;35m[Kwarning: [m[Ktaking address of packed member of ‘[01m[K__mavlink_message[m[K’ may result in an unaligned pointer value [[01;35m[K-Waddress-of-packed-member[m[K]
   86 |  crc_accumulate_buffer([01;35m[K&msg->checksum[m[K, _MAV_PAYLOAD(msg), msg->len);
      |                        [01;35m[K^~~~~~~~~~~~~~[m[K
[01m[K/home/szf/ROS/catkin_ws_3/devel/include/mavlink/v1.0/common/../mavlink_helpers.h:88:28:[m[K [01;35m[Kwarning: [m[Ktaking address of packed member of ‘[01m[K__mavlink_message[m[K’ may result in an unaligned pointer value [[01;35m[K-Waddress-of-packed-member[m[K]
   88 |  crc_accumulate(crc_extra, [01;35m[K&msg->checksum[m[K);
      |                            [01;35m[K^~~~~~~~~~~~~~[m[K
[01m[K/home/szf/ROS/catkin_ws_3/devel/include/mavlink/v1.0/common/../mavlink_helpers.h:[m[K In function ‘[01m[Kvoid mavlink_start_checksum(mavlink_message_t*)[m[K’:
[01m[K/home/szf/ROS/catkin_ws_3/devel/include/mavlink/v1.0/common/../mavlink_helpers.h:200:11:[m[K [01;35m[Kwarning: [m[Ktaking address of packed member of ‘[01m[K__mavlink_message[m[K’ may result in an unaligned pointer value [[01;35m[K-Waddress-of-packed-member[m[K]
  200 |  crc_init([01;35m[K&msg->checksum[m[K);
      |           [01;35m[K^~~~~~~~~~~~~~[m[K
[01m[K/home/szf/ROS/catkin_ws_3/devel/include/mavlink/v1.0/common/../mavlink_helpers.h:[m[K In function ‘[01m[Kvoid mavlink_update_checksum(mavlink_message_t*, uint8_t)[m[K’:
[01m[K/home/szf/ROS/catkin_ws_3/devel/include/mavlink/v1.0/common/../mavlink_helpers.h:205:20:[m[K [01;35m[Kwarning: [m[Ktaking address of packed member of ‘[01m[K__mavlink_message[m[K’ may result in an unaligned pointer value [[01;35m[K-Waddress-of-packed-member[m[K]
  205 |  crc_accumulate(c, [01;35m[K&msg->checksum[m[K);
      |                    [01;35m[K^~~~~~~~~~~~~~[m[K
[01m[K/home/szf/ROS/catkin_ws_3/src/mavros/mavros/src/plugins/speed_control.cpp:[m[K In member function ‘[01m[Kbool mavros::std_plugins::SpeedControlPlugin::send_cb(mavros_msgs::SpeedControlSet::Request&, mavros_msgs::SpeedControlSet::Response&)[m[K’:
[01m[K/home/szf/ROS/catkin_ws_3/src/mavros/mavros/src/plugins/speed_control.cpp:84:47:[m[K [01;31m[Kerror: [m[Kno matching function for call to ‘[01m[Kmavconn::MAVConnInterface::send_message_ignore_drop(mavlink_speed_control_set_t&)[m[K’
   84 |   UAS_FCU(m_uas)->send_message_ignore_drop(msg[01;31m[K)[m[K;
      |                                               [01;31m[K^[m[K
In file included from [01m[K/home/szf/ROS/catkin_ws_3/src/mavros/mavros/include/mavros/mavros_plugin.h:24[m[K,
                 from [01m[K/home/szf/ROS/catkin_ws_3/src/mavros/mavros/src/plugins/speed_control.cpp:9[m[K:
[01m[K/home/szf/ROS/catkin_ws_3/src/mavros/libmavconn/include/mavconn/interface.h:180:7:[m[K [01;36m[Knote: [m[Kcandidate: ‘[01m[Kvoid mavconn::MAVConnInterface::send_message_ignore_drop(const mavlink_message_t*)[m[K’
  180 |  void [01;36m[Ksend_message_ignore_drop[m[K(const mavlink::mavlink_message_t *message);
      |       [01;36m[K^~~~~~~~~~~~~~~~~~~~~~~~[m[K
[01m[K/home/szf/ROS/catkin_ws_3/src/mavros/libmavconn/include/mavconn/interface.h:180:66:[m[K [01;36m[Knote: [m[K  no known conversion for argument 1 from ‘[01m[Kmavlink_speed_control_set_t[m[K’ {aka ‘[01m[K__mavlink_speed_control_set_t[m[K’} to ‘[01m[Kconst mavlink_message_t*[m[K’ {aka ‘[01m[Kconst mavlink::__mavlink_message*[m[K’}
  180 |  void send_message_ignore_drop([01;36m[Kconst mavlink::mavlink_message_t *message[m[K);
      |                                [01;36m[K~~~~~~~~~~~~~~~~~~~~~~~~~~~~~~~~~~^~~~~~~[m[K
[01m[K/home/szf/ROS/catkin_ws_3/src/mavros/libmavconn/include/mavconn/interface.h:187:7:[m[K [01;36m[Knote: [m[Kcandidate: ‘[01m[Kvoid mavconn::MAVConnInterface::send_message_ignore_drop(const mavlink::Message&)[m[K’
  187 |  void [01;36m[Ksend_message_ignore_drop[m[K(const mavlink::Message &message) {
      |       [01;36m[K^~~~~~~~~~~~~~~~~~~~~~~~[m[K
[01m[K/home/szf/ROS/catkin_ws_3/src/mavros/libmavconn/include/mavconn/interface.h:187:56:[m[K [01;36m[Knote: [m[K  no known conversion for argument 1 from ‘[01m[Kmavlink_speed_control_set_t[m[K’ {aka ‘[01m[K__mavlink_speed_control_set_t[m[K’} to ‘[01m[Kconst mavlink::Message&[m[K’
  187 |  void send_message_ignore_drop([01;36m[Kconst mavlink::Message &message[m[K) {
      |                                [01;36m[K~~~~~~~~~~~~~~~~~~~~~~~~^~~~~~~[m[K
[01m[K/home/szf/ROS/catkin_ws_3/src/mavros/libmavconn/include/mavconn/interface.h:197:7:[m[K [01;36m[Knote: [m[Kcandidate: ‘[01m[Kvoid mavconn::MAVConnInterface::send_message_ignore_drop(const mavlink::Message&, uint8_t)[m[K’
  197 |  void [01;36m[Ksend_message_ignore_drop[m[K(const mavlink::Message &message, const uint8_t src_compid);
      |       [01;36m[K^~~~~~~~~~~~~~~~~~~~~~~~[m[K
[01m[K/home/szf/ROS/catkin_ws_3/src/mavros/libmavconn/include/mavconn/interface.h:197:7:[m[K [01;36m[Knote: [m[K  candidate expects 2 arguments, 1 provided
make[2]: *** [CMakeFiles/mavros_plugins.dir/build.make:453：CMakeFiles/mavros_plugins.dir/src/plugins/speed_control.cpp.o] 错误 1
make[1]: *** [CMakeFiles/Makefile2:543：CMakeFiles/mavros_plugins.dir/all] 错误 2
make: *** [Makefile:141：all] 错误 2
