[01m[K/home/szf/ROS/catkin_ws_3/src/mavros/mavros/src/SpeedControlSet_pub.cpp:[m[K In function ‘[01m[Kint main(int, char**)[m[K’:
[01m[K/home/szf/ROS/catkin_ws_3/src/mavros/mavros/src/SpeedControlSet_pub.cpp:602:162:[m[K [01;31m[Kerror: [m[K‘[01m[Kstruct current[m[K’ has no member named ‘[01m[Kt_sums[m[K’; did you mean ‘[01m[Kt_sum[m[K’?
  602 |     int t_reverse = S_type_Speed_Curve_Planning(t*0.02,0,0,4,0.25,0.05,0.125,0.005).s_cur < 4 && S_type_Speed_Curve_Planning(t*0.02,0,0,4,0.25,0.05,0.125,0.005).[01;31m[Kt_sums[m[K;
      |                                                                                                                                                                  [01;31m[K^~~~~~[m[K
      |                                                                                                                                                                  [32m[Kt_sum[m[K
In file included from [01m[K/opt/ros/noetic/include/ros/ros.h:40[m[K,
                 from [01m[K/home/szf/ROS/catkin_ws_3/src/mavros/mavros/src/SpeedControlSet_pub.cpp:9[m[K:
[01m[K/home/szf/ROS/catkin_ws_3/src/mavros/mavros/src/SpeedControlSet_pub.cpp:666:22:[m[K [01;35m[Kwarning: [m[Kformat ‘[01m[K%lf[m[K’ expects argument of type ‘[01m[Kdouble[m[K’, but argument 9 has type ‘[01m[Kint[m[K’ [[01;35m[K-Wformat=[m[K]
  666 |             ROS_INFO([01;35m[K"control end!,t = %d,t_reverse = %lf"[m[K,t,[32m[Kt_reverse[m[K);
      |                      [01;35m[K^~~~~~~~~~~~~~~~~~~~~~~~~~~~~~~~~~~~~[m[K   [32m[K~~~~~~~~~[m[K
      |                                                              [32m[K|[m[K
      |                                                              [32m[Kint[m[K
[01m[K/opt/ros/noetic/include/ros/console.h:351:165:[m[K [01;36m[Knote: [m[Kin definition of macro ‘[01m[KROSCONSOLE_PRINT_AT_LOCATION_WITH_FILTER[m[K’
  351 |     ::ros::console::print(filter, __rosconsole_define_location__loc.logger_, __rosconsole_define_location__loc.level_, __FILE__, __LINE__, __ROSCONSOLE_FUNCTION__, [01;36m[K__VA_ARGS__[m[K)
      |                                                                                                                                                                     [01;36m[K^~~~~~~~~~~[m[K
[01m[K/opt/ros/noetic/include/ros/console.h:390:7:[m[K [01;36m[Knote: [m[Kin expansion of macro ‘[01m[KROSCONSOLE_PRINT_AT_LOCATION[m[K’
  390 |       [01;36m[KROSCONSOLE_PRINT_AT_LOCATION[m[K(__VA_ARGS__); \
      |       [01;36m[K^~~~~~~~~~~~~~~~~~~~~~~~~~~~[m[K
[01m[K/opt/ros/noetic/include/ros/console.h:575:35:[m[K [01;36m[Knote: [m[Kin expansion of macro ‘[01m[KROS_LOG_COND[m[K’
  575 | #define ROS_LOG(level, name, ...) [01;36m[KROS_LOG_COND[m[K(true, level, name, __VA_ARGS__)
      |                                   [01;36m[K^~~~~~~~~~~~[m[K
[01m[K/opt/ros/noetic/include/rosconsole/macros_generated.h:110:23:[m[K [01;36m[Knote: [m[Kin expansion of macro ‘[01m[KROS_LOG[m[K’
  110 | #define ROS_INFO(...) [01;36m[KROS_LOG[m[K(::ros::console::levels::Info, ROSCONSOLE_DEFAULT_NAME, __VA_ARGS__)
      |                       [01;36m[K^~~~~~~[m[K
[01m[K/home/szf/ROS/catkin_ws_3/src/mavros/mavros/src/SpeedControlSet_pub.cpp:666:13:[m[K [01;36m[Knote: [m[Kin expansion of macro ‘[01m[KROS_INFO[m[K’
  666 |             [01;36m[KROS_INFO[m[K("control end!,t = %d,t_reverse = %lf",t,t_reverse);
      |             [01;36m[K^~~~~~~~[m[K
[01m[K/home/szf/ROS/catkin_ws_3/src/mavros/mavros/src/SpeedControlSet_pub.cpp:666:57:[m[K [01;36m[Knote: [m[Kformat string is defined here
  666 |             ROS_INFO("control end!,t = %d,t_reverse = [01;36m[K%lf[m[K",t,t_reverse);
      |                                                       [01;36m[K~~^[m[K
      |                                                         [01;36m[K|[m[K
      |                                                         [01;36m[Kdouble[m[K
      |                                                       [32m[K%d[m[K
make[2]: *** [CMakeFiles/SpeedControlSet_pub.dir/build.make:63：CMakeFiles/SpeedControlSet_pub.dir/src/SpeedControlSet_pub.cpp.o] 错误 1
make[1]: *** [CMakeFiles/Makefile2:535：CMakeFiles/SpeedControlSet_pub.dir/all] 错误 2
make: *** [Makefile:141：all] 错误 2
