[  0%] Built target turtlesim_generate_messages_eus
[  0%] Built target turtlesim_generate_messages_lisp
[  0%] Built target robot_pose_ekf_generate_messages_cpp
[  0%] Built target actionlib_msgs_generate_messages_nodejs
[  0%] Built target wtr_tasks_final_generate_messages_eus
[  0%] Built target robot_pose_ekf_generate_messages_nodejs
[  0%] Built target wtr_tasks_final_generate_messages_lisp
[  0%] Built target actionlib_generate_messages_nodejs
[  0%] Built target trajectory_msgs_generate_messages_lisp
[  0%] Built target wtr_tasks_final_generate_messages_nodejs
[  0%] Built target trajectory_msgs_generate_messages_nodejs
[  0%] Built target trajectory_msgs_generate_messages_cpp
[  0%] Built target wtr_tasks_final_generate_messages_py
[  3%] Built target traj_plan
[  8%] Built target example0_node
[ 10%] Built target traj_plan_3D
[ 10%] Built target actionlib_generate_messages_cpp
[ 10%] Built target tf2_msgs_generate_messages_nodejs
[ 10%] Built target geometry_msgs_generate_messages_eus
[ 10%] Built target std_msgs_generate_messages_nodejs
[ 10%] Built target tf2_msgs_generate_messages_lisp
[ 10%] Built target std_srvs_generate_messages_nodejs
[ 10%] Built target std_srvs_generate_messages_lisp
[ 10%] Built target std_srvs_generate_messages_eus
[ 10%] Built target tf2_msgs_generate_messages_cpp
[ 10%] Built target actionlib_msgs_generate_messages_eus
[ 10%] Built target rosgraph_msgs_generate_messages_lisp
[ 10%] Built target trajectory_msgs_generate_messages_eus
[ 10%] Built target nav_msgs_generate_messages_cpp
[ 10%] Built target roscpp_generate_messages_py
[ 10%] Built target geometry_msgs_generate_messages_nodejs
[ 10%] Built target rosgraph_msgs_generate_messages_py
[ 10%] Built target turtlesim_generate_messages_cpp
[ 10%] Built target geometry_msgs_generate_messages_cpp
[ 10%] Built target roscpp_generate_messages_lisp
[ 10%] Built target diagnostic_msgs_generate_messages_eus
[ 10%] Built target roscpp_generate_messages_cpp
[ 10%] Built target robot_pose_ekf_generate_messages_lisp
[ 10%] Built target actionlib_generate_messages_lisp
[ 10%] Built target diagnostic_msgs_generate_messages_cpp
[ 10%] Built target std_srvs_generate_messages_cpp
[ 10%] Built target std_msgs_generate_messages_cpp
[ 10%] Built target std_msgs_generate_messages_lisp
[ 10%] Built target std_msgs_generate_messages_py
[ 10%] Built target actionlib_generate_messages_py
[ 10%] Built target mavros_msgs_generate_messages_eus
[ 10%] Built target rosgraph_msgs_generate_messages_cpp
[ 10%] Built target trajectory_msgs_generate_messages_py
[ 10%] Built target actionlib_generate_messages_eus
[ 10%] Built target diagnostic_msgs_generate_messages_lisp
[ 10%] Built target nav_msgs_generate_messages_eus
[ 10%] Built target geometry_msgs_generate_messages_lisp
[ 10%] Built target diagnostic_msgs_generate_messages_nodejs
[ 10%] Built target uuid_msgs_generate_messages_lisp
[ 10%] Built target roscpp_generate_messages_nodejs
[ 10%] Built target uuid_msgs_generate_messages_cpp
[ 10%] Built target uuid_msgs_generate_messages_eus
[ 10%] Built target robot_pose_ekf_generate_messages_eus
[ 10%] Built target roscpp_generate_messages_eus
[ 10%] Built target rosgraph_msgs_generate_messages_nodejs
[ 10%] Built target sensor_msgs_generate_messages_py
[ 10%] Built target tf2_msgs_generate_messages_eus
[ 10%] Built target geometry_msgs_generate_messages_py
[ 10%] Built target nav_msgs_generate_messages_py
[ 10%] Built target geographic_msgs_generate_messages_eus
[ 10%] Built target geographic_msgs_generate_messages_cpp
[ 10%] Built target mavros_msgs_generate_messages_py
[ 10%] Built target turtlesim_generate_messages_py
[ 10%] Built target std_srvs_generate_messages_py
[ 10%] Built target rosgraph_msgs_generate_messages_eus
[ 10%] Built target geographic_msgs_generate_messages_lisp
[ 10%] Built target robot_pose_ekf_generate_messages_py
[ 10%] Built target geographic_msgs_generate_messages_nodejs
[ 10%] Built target diagnostic_msgs_generate_messages_py
[ 10%] Built target sensor_msgs_generate_messages_cpp
[ 10%] Built target geographic_msgs_generate_messages_py
[ 10%] Built target sensor_msgs_generate_messages_lisp
[ 10%] Built target sensor_msgs_generate_messages_eus
[ 10%] Built target nav_msgs_generate_messages_nodejs
[ 10%] Built target uuid_msgs_generate_messages_nodejs
[ 10%] Built target wtr_tasks_final_generate_messages_cpp
[ 10%] Built target mavros_msgs_generate_messages_cpp
[ 10%] Built target actionlib_msgs_generate_messages_py
[ 10%] Built target uuid_msgs_generate_messages_py
[ 10%] Built target tf2_msgs_generate_messages_py
[ 10%] Built target mavros_msgs_generate_messages_lisp
[ 10%] Built target sensor_msgs_generate_messages_nodejs
[ 10%] Built target mavros_msgs_generate_messages_nodejs
[ 10%] Built target nav_msgs_generate_messages_lisp
[ 10%] Built target std_msgs_generate_messages_eus
[ 10%] Built target actionlib_msgs_generate_messages_lisp
[ 10%] Built target actionlib_msgs_generate_messages_cpp
[ 10%] Built target turtlesim_generate_messages_nodejs
[ 13%] Built target SpeedControlSet_client
[ 32%] Built target mavros
[ 36%] Built target SpeedControlSet_pub
[ 39%] Built target gcs_bridge
[ 43%] Built target mavros_node
[100%] Built target mavros_plugins
