Linked: (/home/szf/ROS/catkin_ws_3/devel/.private/mavros/share/mavros/cmake/mavrosConfig.cmake, /home/szf/ROS/catkin_ws_3/devel/share/mavros/cmake/mavrosConfig.cmake)
Linked: (/home/szf/ROS/catkin_ws_3/devel/.private/mavros/share/mavros/cmake/mavrosConfig-version.cmake, /home/szf/ROS/catkin_ws_3/devel/share/mavros/cmake/mavrosConfig-version.cmake)
Linked: (/home/szf/ROS/catkin_ws_3/devel/.private/mavros/lib/libmavros_plugins.so, /home/szf/ROS/catkin_ws_3/devel/lib/libmavros_plugins.so)
Linked: (/home/szf/ROS/catkin_ws_3/devel/.private/mavros/lib/libmavros.so, /home/szf/ROS/catkin_ws_3/devel/lib/libmavros.so)
Linked: (/home/szf/ROS/catkin_ws_3/devel/.private/mavros/lib/pkgconfig/mavros.pc, /home/szf/ROS/catkin_ws_3/devel/lib/pkgconfig/mavros.pc)
Linked: (/home/szf/ROS/catkin_ws_3/devel/.private/mavros/lib/python3/dist-packages/mavros/__init__.py, /home/szf/ROS/catkin_ws_3/devel/lib/python3/dist-packages/mavros/__init__.py)
Linked: (/home/szf/ROS/catkin_ws_3/devel/.private/mavros/lib/mavros/checkid, /home/szf/ROS/catkin_ws_3/devel/lib/mavros/checkid)
Linked: (/home/szf/ROS/catkin_ws_3/devel/.private/mavros/lib/mavros/mavros_node, /home/szf/ROS/catkin_ws_3/devel/lib/mavros/mavros_node)
Linked: (/home/szf/ROS/catkin_ws_3/devel/.private/mavros/lib/mavros/cmake.lock, /home/szf/ROS/catkin_ws_3/devel/lib/mavros/cmake.lock)
Linked: (/home/szf/ROS/catkin_ws_3/devel/.private/mavros/lib/mavros/gcs_bridge, /home/szf/ROS/catkin_ws_3/devel/lib/mavros/gcs_bridge)
Symlinking /home/szf/ROS/catkin_ws_3/devel/lib/mavros/example0_node
Linked: (/home/szf/ROS/catkin_ws_3/devel/.private/mavros/lib/mavros/mavparam, /home/szf/ROS/catkin_ws_3/devel/lib/mavros/mavparam)
Linked: (/home/szf/ROS/catkin_ws_3/devel/.private/mavros/lib/mavros/SpeedControlSet_pub, /home/szf/ROS/catkin_ws_3/devel/lib/mavros/SpeedControlSet_pub)
Linked: (/home/szf/ROS/catkin_ws_3/devel/.private/mavros/lib/mavros/SpeedControlSet_client, /home/szf/ROS/catkin_ws_3/devel/lib/mavros/SpeedControlSet_client)
Linked: (/home/szf/ROS/catkin_ws_3/devel/.private/mavros/lib/mavros/mavftp, /home/szf/ROS/catkin_ws_3/devel/lib/mavros/mavftp)
Linked: (/home/szf/ROS/catkin_ws_3/devel/.private/mavros/lib/mavros/event_launcher, /home/szf/ROS/catkin_ws_3/devel/lib/mavros/event_launcher)
Symlinking /home/szf/ROS/catkin_ws_3/devel/lib/mavros/traj_plan_3D
Linked: (/home/szf/ROS/catkin_ws_3/devel/.private/mavros/lib/mavros/traj_plan, /home/szf/ROS/catkin_ws_3/devel/lib/mavros/traj_plan)
Linked: (/home/szf/ROS/catkin_ws_3/devel/.private/mavros/lib/mavros/mavcmd, /home/szf/ROS/catkin_ws_3/devel/lib/mavros/mavcmd)
Linked: (/home/szf/ROS/catkin_ws_3/devel/.private/mavros/lib/mavros/mavsetp, /home/szf/ROS/catkin_ws_3/devel/lib/mavros/mavsetp)
Linked: (/home/szf/ROS/catkin_ws_3/devel/.private/mavros/lib/mavros/mavsafety, /home/szf/ROS/catkin_ws_3/devel/lib/mavros/mavsafety)
Linked: (/home/szf/ROS/catkin_ws_3/devel/.private/mavros/lib/mavros/mavsys, /home/szf/ROS/catkin_ws_3/devel/lib/mavros/mavsys)
Linked: (/home/szf/ROS/catkin_ws_3/devel/.private/mavros/lib/mavros/mavwp, /home/szf/ROS/catkin_ws_3/devel/lib/mavros/mavwp)
Linked: (/home/szf/ROS/catkin_ws_3/devel/.private/mavros/lib/mavros/install_geographiclib_datasets.sh, /home/szf/ROS/catkin_ws_3/devel/lib/mavros/install_geographiclib_datasets.sh)
