[01m[K/home/szf/ROS/catkin_ws_3/src/mavros/mavros/src/plugins/speed_control.cpp:50:76:[m[K [01;31m[Kerror: [m[K‘[01m[Kmavlink::speed_control_status[m[K’ has not been declared
   50 |  void handle_speed_control(const mavlink::mavlink_message_t *msg, mavlink::[01;31m[Kspeed_control_status[m[K::msg::SPEED_CONTROL_STATUS &speed_control)
      |                                                                            [01;31m[K^~~~~~~~~~~~~~~~~~~~[m[K
[01m[K/home/szf/ROS/catkin_ws_3/src/mavros/mavros/src/plugins/speed_control.cpp:50:124:[m[K [01;31m[Kerror: [m[Kexpected ‘[01m[K,[m[K’ or ‘[01m[K...[m[K’ before ‘[01m[K&[m[K’ token
   50 |  void handle_speed_control(const mavlink::mavlink_message_t *msg, mavlink::speed_control_status::msg::SPEED_CONTROL_STATUS [01;31m[K&[m[Kspeed_control)
      |                                                                                                                            [01;31m[K^[m[K
[01m[K/home/szf/ROS/catkin_ws_3/src/mavros/mavros/src/plugins/speed_control.cpp:[m[K In member function ‘[01m[Kvirtual mavros::plugin::PluginBase::Subscriptions mavros::std_plugins::SpeedControlPlugin::get_subscriptions()[m[K’:
[01m[K/home/szf/ROS/catkin_ws_3/src/mavros/mavros/src/plugins/speed_control.cpp:38:58:[m[K [01;31m[Kerror: [m[Kno matching function for call to ‘[01m[Kmavros::std_plugins::SpeedControlPlugin::make_handler(void (mavros::std_plugins::SpeedControlPlugin::*)(const mavlink_message_t*, int))[m[K’
   38 |    make_handler(&SpeedControlPlugin::handle_speed_control[01;31m[K)[m[K,
      |                                                          [01;31m[K^[m[K
In file included from [01m[K/home/szf/ROS/catkin_ws_3/src/mavros/mavros/src/plugins/speed_control.cpp:9[m[K:
[01m[K/home/szf/ROS/catkin_ws_3/src/mavros/mavros/include/mavros/mavros_plugin.h:87:14:[m[K [01;36m[Knote: [m[Kcandidate: ‘[01m[Ktemplate<class _C> mavros::plugin::PluginBase::HandlerInfo mavros::plugin::PluginBase::make_handler(mavlink::msgid_t, void (_C::*)(const mavlink_message_t*, mavconn::Framing))[m[K’
   87 |  HandlerInfo [01;36m[Kmake_handler[m[K(const mavlink::msgid_t id, void (_C::*fn)(const mavlink::mavlink_message_t *msg, const mavconn::Framing framing)) {
      |              [01;36m[K^~~~~~~~~~~~[m[K
[01m[K/home/szf/ROS/catkin_ws_3/src/mavros/mavros/include/mavros/mavros_plugin.h:87:14:[m[K [01;36m[Knote: [m[K  template argument deduction/substitution failed:
[01m[K/home/szf/ROS/catkin_ws_3/src/mavros/mavros/src/plugins/speed_control.cpp:38:58:[m[K [01;36m[Knote: [m[K  candidate expects 2 arguments, 1 provided
   38 |    make_handler(&SpeedControlPlugin::handle_speed_control[01;36m[K)[m[K,
      |                                                          [01;36m[K^[m[K
In file included from [01m[K/home/szf/ROS/catkin_ws_3/src/mavros/mavros/src/plugins/speed_control.cpp:9[m[K:
[01m[K/home/szf/ROS/catkin_ws_3/src/mavros/mavros/include/mavros/mavros_plugin.h:100:14:[m[K [01;36m[Knote: [m[Kcandidate: ‘[01m[Ktemplate<class _C, class _T> mavros::plugin::PluginBase::HandlerInfo mavros::plugin::PluginBase::make_handler(void (_C::*)(const mavlink_message_t*, _T&))[m[K’
  100 |  HandlerInfo [01;36m[Kmake_handler[m[K(void (_C::*fn)(const mavlink::mavlink_message_t*, _T &)) {
      |              [01;36m[K^~~~~~~~~~~~[m[K
[01m[K/home/szf/ROS/catkin_ws_3/src/mavros/mavros/include/mavros/mavros_plugin.h:100:14:[m[K [01;36m[Knote: [m[K  template argument deduction/substitution failed:
[01m[K/home/szf/ROS/catkin_ws_3/src/mavros/mavros/src/plugins/speed_control.cpp:38:58:[m[K [01;36m[Knote: [m[K  mismatched types ‘[01m[K_T&[m[K’ and ‘[01m[Kint[m[K’
   38 |    make_handler(&SpeedControlPlugin::handle_speed_control[01;36m[K)[m[K,
      |                                                          [01;36m[K^[m[K
[01m[K/home/szf/ROS/catkin_ws_3/src/mavros/mavros/src/plugins/speed_control.cpp:39:3:[m[K [01;31m[Kerror: [m[Kcould not convert ‘[01m[K{<expression error>}[m[K’ from ‘[01m[K<brace-enclosed initializer list>[m[K’ to ‘[01m[Kmavros::plugin::PluginBase::Subscriptions[m[K’ {aka ‘[01m[Kstd::vector<std::tuple<unsigned int, const char*, long unsigned int, std::function<void(const mavlink::__mavlink_message*, mavconn::Framing)> > >[m[K’}
   39 |   [01;31m[K}[m[K;
      |   [01;31m[K^[m[K
      |   [01;31m[K|[m[K
      |   [01;31m[K<brace-enclosed initializer list>[m[K
[01m[K/home/szf/ROS/catkin_ws_3/src/mavros/mavros/src/plugins/speed_control.cpp:[m[K In member function ‘[01m[Kvoid mavros::std_plugins::SpeedControlPlugin::handle_speed_control(const mavlink_message_t*, int)[m[K’:
[01m[K/home/szf/ROS/catkin_ws_3/src/mavros/mavros/src/plugins/speed_control.cpp:55:33:[m[K [01;31m[Kerror: [m[K‘[01m[Kspeed_control[m[K’ was not declared in this scope; did you mean ‘[01m[Kspeed_control_nh[m[K’?
   55 |   speed_control_msg->vx_state = [01;31m[Kspeed_control[m[K.vx_state;
      |                                 [01;31m[K^~~~~~~~~~~~~[m[K
      |                                 [32m[Kspeed_control_nh[m[K
[01m[K/home/szf/ROS/catkin_ws_3/src/mavros/mavros/src/plugins/speed_control.cpp:57:22:[m[K [01;31m[Kerror: [m[K‘[01m[Kstruct mavros_msgs::SpeedControlStatus_<std::allocator<void> >[m[K’ has no member named ‘[01m[Kvx_speed_setvw_state[m[K’
   57 |   speed_control_msg->[01;31m[Kvx_speed_setvw_state[m[K = speed_control.vw_state;
      |                      [01;31m[K^~~~~~~~~~~~~~~~~~~~[m[K
[01m[K/home/szf/ROS/catkin_ws_3/src/mavros/mavros/src/plugins/speed_control.cpp:[m[K In member function ‘[01m[Kbool mavros::std_plugins::SpeedControlPlugin::send_cb(mavros_msgs::SpeedControlSet::Request&, mavros_msgs::SpeedControlSet::Response&)[m[K’:
[01m[K/home/szf/ROS/catkin_ws_3/src/mavros/mavros/src/plugins/speed_control.cpp:66:12:[m[K [01;31m[Kerror: [m[K‘[01m[Kmavlink::speed_control_set[m[K’ has not been declared
   66 |   mavlink::[01;31m[Kspeed_control_set[m[K::msg::SPEED_CONTROL_SET msg;
      |            [01;31m[K^~~~~~~~~~~~~~~~~[m[K
[01m[K/home/szf/ROS/catkin_ws_3/src/mavros/mavros/src/plugins/speed_control.cpp:68:3:[m[K [01;31m[Kerror: [m[K‘[01m[Kmsg[m[K’ was not declared in this scope
   68 |   [01;31m[Kmsg[m[K.v = req.vx_set;
      |   [01;31m[K^~~[m[K
[01m[K/home/szf/ROS/catkin_ws_3/src/mavros/mavros/src/plugins/speed_control.cpp:68:3:[m[K [01;36m[Knote: [m[Ksuggested alternatives:
In file included from [01m[K/home/szf/ROS/catkin_ws_3/devel/include/mavlink/v2.0/common/common.hpp:2389[m[K,
                 from [01m[K/home/szf/ROS/catkin_ws_3/src/mavros/libmavconn/include/mavconn/mavlink_dialect.h:26[m[K,
                 from [01m[K/home/szf/ROS/catkin_ws_3/src/mavros/libmavconn/include/mavconn/interface.h:37[m[K,
                 from [01m[K/home/szf/ROS/catkin_ws_3/src/mavros/mavros/include/mavros/mavros_plugin.h:24[m[K,
                 from [01m[K/home/szf/ROS/catkin_ws_3/src/mavros/mavros/src/plugins/speed_control.cpp:9[m[K:
[01m[K/home/szf/ROS/catkin_ws_3/devel/include/mavlink/v2.0/common/./mavlink_msg_sys_status.hpp:7:11:[m[K [01;36m[Knote: [m[K  ‘[01m[Kmavlink::common::msg[m[K’
    7 | namespace [01;36m[Kmsg[m[K {
      |           [01;36m[K^~~[m[K
In file included from [01m[K/home/szf/ROS/catkin_ws_3/devel/include/mavlink/v2.0/common/../minimal/minimal.hpp:311[m[K,
                 from [01m[K/home/szf/ROS/catkin_ws_3/devel/include/mavlink/v2.0/common/common.hpp:2608[m[K,
                 from [01m[K/home/szf/ROS/catkin_ws_3/src/mavros/libmavconn/include/mavconn/mavlink_dialect.h:26[m[K,
                 from [01m[K/home/szf/ROS/catkin_ws_3/src/mavros/libmavconn/include/mavconn/interface.h:37[m[K,
                 from [01m[K/home/szf/ROS/catkin_ws_3/src/mavros/mavros/include/mavros/mavros_plugin.h:24[m[K,
                 from [01m[K/home/szf/ROS/catkin_ws_3/src/mavros/mavros/src/plugins/speed_control.cpp:9[m[K:
[01m[K/home/szf/ROS/catkin_ws_3/devel/include/mavlink/v2.0/common/../minimal/./mavlink_msg_heartbeat.hpp:7:11:[m[K [01;36m[Knote: [m[K  ‘[01m[Kmavlink::minimal::msg[m[K’
    7 | namespace [01;36m[Kmsg[m[K {
      |           [01;36m[K^~~[m[K
In file included from [01m[K/home/szf/ROS/catkin_ws_3/devel/include/mavlink/v2.0/ardupilotmega/ardupilotmega.hpp:939[m[K,
                 from [01m[K/home/szf/ROS/catkin_ws_3/src/mavros/libmavconn/include/mavconn/mavlink_dialect.h:27[m[K,
                 from [01m[K/home/szf/ROS/catkin_ws_3/src/mavros/libmavconn/include/mavconn/interface.h:37[m[K,
                 from [01m[K/home/szf/ROS/catkin_ws_3/src/mavros/mavros/include/mavros/mavros_plugin.h:24[m[K,
                 from [01m[K/home/szf/ROS/catkin_ws_3/src/mavros/mavros/src/plugins/speed_control.cpp:9[m[K:
[01m[K/home/szf/ROS/catkin_ws_3/devel/include/mavlink/v2.0/ardupilotmega/./mavlink_msg_sensor_offsets.hpp:7:11:[m[K [01;36m[Knote: [m[K  ‘[01m[Kmavlink::ardupilotmega::msg[m[K’
    7 | namespace [01;36m[Kmsg[m[K {
      |           [01;36m[K^~~[m[K
In file included from [01m[K/home/szf/ROS/catkin_ws_3/devel/include/mavlink/v2.0/ardupilotmega/../uAvionix/uAvionix.hpp:154[m[K,
                 from [01m[K/home/szf/ROS/catkin_ws_3/devel/include/mavlink/v2.0/ardupilotmega/ardupilotmega.hpp:1007[m[K,
                 from [01m[K/home/szf/ROS/catkin_ws_3/src/mavros/libmavconn/include/mavconn/mavlink_dialect.h:27[m[K,
                 from [01m[K/home/szf/ROS/catkin_ws_3/src/mavros/libmavconn/include/mavconn/interface.h:37[m[K,
                 from [01m[K/home/szf/ROS/catkin_ws_3/src/mavros/mavros/include/mavros/mavros_plugin.h:24[m[K,
                 from [01m[K/home/szf/ROS/catkin_ws_3/src/mavros/mavros/src/plugins/speed_control.cpp:9[m[K:
[01m[K/home/szf/ROS/catkin_ws_3/devel/include/mavlink/v2.0/ardupilotmega/../uAvionix/./mavlink_msg_uavionix_adsb_out_cfg.hpp:7:11:[m[K [01;36m[Knote: [m[K  ‘[01m[Kmavlink::uAvionix::msg[m[K’
    7 | namespace [01;36m[Kmsg[m[K {
      |           [01;36m[K^~~[m[K
In file included from [01m[K/home/szf/ROS/catkin_ws_3/devel/include/mavlink/v2.0/ardupilotmega/../icarous/icarous.hpp:63[m[K,
                 from [01m[K/home/szf/ROS/catkin_ws_3/devel/include/mavlink/v2.0/ardupilotmega/ardupilotmega.hpp:1008[m[K,
                 from [01m[K/home/szf/ROS/catkin_ws_3/src/mavros/libmavconn/include/mavconn/mavlink_dialect.h:27[m[K,
                 from [01m[K/home/szf/ROS/catkin_ws_3/src/mavros/libmavconn/include/mavconn/interface.h:37[m[K,
                 from [01m[K/home/szf/ROS/catkin_ws_3/src/mavros/mavros/include/mavros/mavros_plugin.h:24[m[K,
                 from [01m[K/home/szf/ROS/catkin_ws_3/src/mavros/mavros/src/plugins/speed_control.cpp:9[m[K:
[01m[K/home/szf/ROS/catkin_ws_3/devel/include/mavlink/v2.0/ardupilotmega/../icarous/./mavlink_msg_icarous_heartbeat.hpp:7:11:[m[K [01;36m[Knote: [m[K  ‘[01m[Kmavlink::icarous::msg[m[K’
    7 | namespace [01;36m[Kmsg[m[K {
      |           [01;36m[K^~~[m[K
In file included from [01m[K/home/szf/ROS/catkin_ws_3/devel/include/mavlink/v2.0/ASLUAV/ASLUAV.hpp:61[m[K,
                 from [01m[K/home/szf/ROS/catkin_ws_3/src/mavros/libmavconn/include/mavconn/mavlink_dialect.h:28[m[K,
                 from [01m[K/home/szf/ROS/catkin_ws_3/src/mavros/libmavconn/include/mavconn/interface.h:37[m[K,
                 from [01m[K/home/szf/ROS/catkin_ws_3/src/mavros/mavros/include/mavros/mavros_plugin.h:24[m[K,
                 from [01m[K/home/szf/ROS/catkin_ws_3/src/mavros/mavros/src/plugins/speed_control.cpp:9[m[K:
[01m[K/home/szf/ROS/catkin_ws_3/devel/include/mavlink/v2.0/ASLUAV/./mavlink_msg_command_int_stamped.hpp:7:11:[m[K [01;36m[Knote: [m[K  ‘[01m[Kmavlink::ASLUAV::msg[m[K’
    7 | namespace [01;36m[Kmsg[m[K {
      |           [01;36m[K^~~[m[K
In file included from [01m[K/home/szf/ROS/catkin_ws_3/devel/include/mavlink/v2.0/AVSSUAS/AVSSUAS.hpp:84[m[K,
                 from [01m[K/home/szf/ROS/catkin_ws_3/src/mavros/libmavconn/include/mavconn/mavlink_dialect.h:29[m[K,
                 from [01m[K/home/szf/ROS/catkin_ws_3/src/mavros/libmavconn/include/mavconn/interface.h:37[m[K,
                 from [01m[K/home/szf/ROS/catkin_ws_3/src/mavros/mavros/include/mavros/mavros_plugin.h:24[m[K,
                 from [01m[K/home/szf/ROS/catkin_ws_3/src/mavros/mavros/src/plugins/speed_control.cpp:9[m[K:
[01m[K/home/szf/ROS/catkin_ws_3/devel/include/mavlink/v2.0/AVSSUAS/./mavlink_msg_avss_prs_sys_status.hpp:7:11:[m[K [01;36m[Knote: [m[K  ‘[01m[Kmavlink::AVSSUAS::msg[m[K’
    7 | namespace [01;36m[Kmsg[m[K {
      |           [01;36m[K^~~[m[K
In file included from [01m[K/home/szf/ROS/catkin_ws_3/devel/include/mavlink/v2.0/all/../development/development.hpp:393[m[K,
                 from [01m[K/home/szf/ROS/catkin_ws_3/devel/include/mavlink/v2.0/all/all.hpp:45[m[K,
                 from [01m[K/home/szf/ROS/catkin_ws_3/src/mavros/libmavconn/include/mavconn/mavlink_dialect.h:30[m[K,
                 from [01m[K/home/szf/ROS/catkin_ws_3/src/mavros/libmavconn/include/mavconn/interface.h:37[m[K,
                 from [01m[K/home/szf/ROS/catkin_ws_3/src/mavros/mavros/include/mavros/mavros_plugin.h:24[m[K,
                 from [01m[K/home/szf/ROS/catkin_ws_3/src/mavros/mavros/src/plugins/speed_control.cpp:9[m[K:
[01m[K/home/szf/ROS/catkin_ws_3/devel/include/mavlink/v2.0/all/../development/./mavlink_msg_param_ack_transaction.hpp:7:11:[m[K [01;36m[Knote: [m[K  ‘[01m[Kmavlink::development::msg[m[K’
    7 | namespace [01;36m[Kmsg[m[K {
      |           [01;36m[K^~~[m[K
In file included from [01m[K/home/szf/ROS/catkin_ws_3/devel/include/mavlink/v2.0/all/../python_array_test/python_array_test.hpp:39[m[K,
                 from [01m[K/home/szf/ROS/catkin_ws_3/devel/include/mavlink/v2.0/all/all.hpp:48[m[K,
                 from [01m[K/home/szf/ROS/catkin_ws_3/src/mavros/libmavconn/include/mavconn/mavlink_dialect.h:30[m[K,
                 from [01m[K/home/szf/ROS/catkin_ws_3/src/mavros/libmavconn/include/mavconn/interface.h:37[m[K,
                 from [01m[K/home/szf/ROS/catkin_ws_3/src/mavros/mavros/include/mavros/mavros_plugin.h:24[m[K,
                 from [01m[K/home/szf/ROS/catkin_ws_3/src/mavros/mavros/src/plugins/speed_control.cpp:9[m[K:
[01m[K/home/szf/ROS/catkin_ws_3/devel/include/mavlink/v2.0/all/../python_array_test/./mavlink_msg_array_test_0.hpp:7:11:[m[K [01;36m[Knote: [m[K  ‘[01m[Kmavlink::python_array_test::msg[m[K’
    7 | namespace [01;36m[Kmsg[m[K {
      |           [01;36m[K^~~[m[K
In file included from [01m[K/home/szf/ROS/catkin_ws_3/devel/include/mavlink/v2.0/all/../test/test.hpp:39[m[K,
                 from [01m[K/home/szf/ROS/catkin_ws_3/devel/include/mavlink/v2.0/all/all.hpp:50[m[K,
                 from [01m[K/home/szf/ROS/catkin_ws_3/src/mavros/libmavconn/include/mavconn/mavlink_dialect.h:30[m[K,
                 from [01m[K/home/szf/ROS/catkin_ws_3/src/mavros/libmavconn/include/mavconn/interface.h:37[m[K,
                 from [01m[K/home/szf/ROS/catkin_ws_3/src/mavros/mavros/include/mavros/mavros_plugin.h:24[m[K,
                 from [01m[K/home/szf/ROS/catkin_ws_3/src/mavros/mavros/src/plugins/speed_control.cpp:9[m[K:
[01m[K/home/szf/ROS/catkin_ws_3/devel/include/mavlink/v2.0/all/../test/./mavlink_msg_test_types.hpp:7:11:[m[K [01;36m[Knote: [m[K  ‘[01m[Kmavlink::test::msg[m[K’
    7 | namespace [01;36m[Kmsg[m[K {
      |           [01;36m[K^~~[m[K
In file included from [01m[K/home/szf/ROS/catkin_ws_3/devel/include/mavlink/v2.0/all/../ualberta/ualberta.hpp:74[m[K,
                 from [01m[K/home/szf/ROS/catkin_ws_3/devel/include/mavlink/v2.0/all/all.hpp:51[m[K,
                 from [01m[K/home/szf/ROS/catkin_ws_3/src/mavros/libmavconn/include/mavconn/mavlink_dialect.h:30[m[K,
                 from [01m[K/home/szf/ROS/catkin_ws_3/src/mavros/libmavconn/include/mavconn/interface.h:37[m[K,
                 from [01m[K/home/szf/ROS/catkin_ws_3/src/mavros/mavros/include/mavros/mavros_plugin.h:24[m[K,
                 from [01m[K/home/szf/ROS/catkin_ws_3/src/mavros/mavros/src/plugins/speed_control.cpp:9[m[K:
[01m[K/home/szf/ROS/catkin_ws_3/devel/include/mavlink/v2.0/all/../ualberta/./mavlink_msg_nav_filter_bias.hpp:7:11:[m[K [01;36m[Knote: [m[K  ‘[01m[Kmavlink::ualberta::msg[m[K’
    7 | namespace [01;36m[Kmsg[m[K {
      |           [01;36m[K^~~[m[K
In file included from [01m[K/home/szf/ROS/catkin_ws_3/devel/include/mavlink/v2.0/all/../storm32/storm32.hpp:244[m[K,
                 from [01m[K/home/szf/ROS/catkin_ws_3/devel/include/mavlink/v2.0/all/all.hpp:53[m[K,
                 from [01m[K/home/szf/ROS/catkin_ws_3/src/mavros/libmavconn/include/mavconn/mavlink_dialect.h:30[m[K,
                 from [01m[K/home/szf/ROS/catkin_ws_3/src/mavros/libmavconn/include/mavconn/interface.h:37[m[K,
                 from [01m[K/home/szf/ROS/catkin_ws_3/src/mavros/mavros/include/mavros/mavros_plugin.h:24[m[K,
                 from [01m[K/home/szf/ROS/catkin_ws_3/src/mavros/mavros/src/plugins/speed_control.cpp:9[m[K:
[01m[K/home/szf/ROS/catkin_ws_3/devel/include/mavlink/v2.0/all/../storm32/./mavlink_msg_storm32_gimbal_device_status.hpp:7:11:[m[K [01;36m[Knote: [m[K  ‘[01m[Kmavlink::storm32::msg[m[K’
    7 | namespace [01;36m[Kmsg[m[K {
      |           [01;36m[K^~~[m[K
In file included from [01m[K/home/szf/ROS/catkin_ws_3/devel/include/mavlink/v2.0/matrixpilot/matrixpilot.hpp:254[m[K,
                 from [01m[K/home/szf/ROS/catkin_ws_3/src/mavros/libmavconn/include/mavconn/mavlink_dialect.h:33[m[K,
                 from [01m[K/home/szf/ROS/catkin_ws_3/src/mavros/libmavconn/include/mavconn/interface.h:37[m[K,
                 from [01m[K/home/szf/ROS/catkin_ws_3/src/mavros/mavros/include/mavros/mavros_plugin.h:24[m[K,
                 from [01m[K/home/szf/ROS/catkin_ws_3/src/mavros/mavros/src/plugins/speed_control.cpp:9[m[K:
[01m[K/home/szf/ROS/catkin_ws_3/devel/include/mavlink/v2.0/matrixpilot/./mavlink_msg_flexifunction_set.hpp:7:11:[m[K [01;36m[Knote: [m[K  ‘[01m[Kmavlink::matrixpilot::msg[m[K’
    7 | namespace [01;36m[Kmsg[m[K {
      |           [01;36m[K^~~[m[K
In file included from [01m[K/home/szf/ROS/catkin_ws_3/devel/include/mavlink/v2.0/paparazzi/paparazzi.hpp:39[m[K,
                 from [01m[K/home/szf/ROS/catkin_ws_3/src/mavros/libmavconn/include/mavconn/mavlink_dialect.h:34[m[K,
                 from [01m[K/home/szf/ROS/catkin_ws_3/src/mavros/libmavconn/include/mavconn/interface.h:37[m[K,
                 from [01m[K/home/szf/ROS/catkin_ws_3/src/mavros/mavros/include/mavros/mavros_plugin.h:24[m[K,
                 from [01m[K/home/szf/ROS/catkin_ws_3/src/mavros/mavros/src/plugins/speed_control.cpp:9[m[K:
[01m[K/home/szf/ROS/catkin_ws_3/devel/include/mavlink/v2.0/paparazzi/./mavlink_msg_script_item.hpp:7:11:[m[K [01;36m[Knote: [m[K  ‘[01m[Kmavlink::paparazzi::msg[m[K’
    7 | namespace [01;36m[Kmsg[m[K {
      |           [01;36m[K^~~[m[K
make[2]: *** [CMakeFiles/mavros_plugins.dir/build.make:453：CMakeFiles/mavros_plugins.dir/src/plugins/speed_control.cpp.o] 错误 1
make[2]: *** 正在等待未完成的任务....
make[1]: *** [CMakeFiles/Makefile2:543：CMakeFiles/mavros_plugins.dir/all] 错误 2
make: *** [Makefile:141：all] 错误 2
