Not searching for unused variables given on the command line.
[36m--[0m The C compiler identification is GNU 9.4.0
[36m--[0m The CXX compiler identification is GNU 9.4.0
[36m--[0m Check for working C compiler: /usr/bin/cc
[36m--[0m Check for working C compiler: /usr/bin/cc -- works
[36m--[0m Detecting C compiler ABI info
[36m--[0m Detecting C compiler ABI info - done
[36m--[0m Detecting C compile features
[36m--[0m Detecting C compile features - done
[36m--[0m Check for working CXX compiler: /usr/bin/c++
[36m--[0m Check for working CXX compiler: /usr/bin/c++ -- works
[36m--[0m Detecting CXX compiler ABI info
[36m--[0m Detecting CXX compiler ABI info - done
[36m--[0m Detecting CXX compile features
[36m--[0m Detecting CXX compile features - done
[36m--[0m Using CATKIN_DEVEL_PREFIX: /home/szf/ROS/catkin_ws_3/devel/.private/state_machine
[36m--[0m Using CMAKE_PREFIX_PATH: /home/szf/ROS/catkin_ws_3/devel;/home/szf/ROS/catkin_ws/devel;/opt/ros/noetic
[36m--[0m This workspace overlays: /home/szf/ROS/catkin_ws_3/devel;/home/szf/ROS/catkin_ws/devel;/opt/ros/noetic
[36m--[0m Using PYTHON_EXECUTABLE: /usr/bin/python3
[36m--[0m Using Debian Python package layout
[36m--[0m Using empy: /usr/lib/python3/dist-packages/em.py
[36m--[0m Using CATKIN_ENABLE_TESTING: ON
[36m--[0m Call enable_testing()
[36m--[0m Using CATKIN_TEST_RESULTS_DIR: /home/szf/ROS/catkin_ws_3/build/state_machine/test_results
[36m--[0m Forcing gtest/gmock from source, though one was otherwise available.
[36m--[0m Found gtest sources under '/usr/src/googletest': gtests will be built
[36m--[0m Found gmock sources under '/usr/src/googletest': gmock will be built
[31m[1mCMake Error[0m at /usr/src/googletest/CMakeLists.txt:10 (project):
  The CMAKE_C_COMPILER:

    gcc-7

  is not a full path and was not found in the PATH.

  Tell CMake where to find the compiler by setting either the environment
  variable "CC" or the CMake cache entry CMAKE_C_COMPILER to the full path to
  the compiler, or to the compiler name if it is in the PATH.


[31m[1mCMake Error[0m at /usr/src/googletest/CMakeLists.txt:10 (project):
  The CMAKE_CXX_COMPILER:

    g++-7

  is not a full path and was not found in the PATH.

  Tell CMake where to find the compiler by setting either the environment
  variable "CXX" or the CMake cache entry CMAKE_CXX_COMPILER to the full path
  to the compiler, or to the compiler name if it is in the PATH.


[36m--[0m Configuring incomplete, errors occurred!
See also "/home/szf/ROS/catkin_ws_3/build/state_machine/CMakeFiles/CMakeOutput.log".
See also "/home/szf/ROS/catkin_ws_3/build/state_machine/CMakeFiles/CMakeError.log".
