[ 15%] Built target icarous.xml-v1.0
[ 15%] Built target storm32.xml-v1.0
[ 23%] Built target uAvionix.xml-v1.0
[ 26%] Built target standard.xml-v1.0
[ 26%] Built target ASLUAV.xml-v2.0
[ 34%] Built target all.xml-v1.0
[ 34%] Built target ardupilotmega.xml-v1.0
[ 15%] Built target paparazzi.xml-v1.0
[ 15%] Built target ualberta.xml-v1.0
[ 38%] Built target uAvionix.xml-v2.0
[ 42%] Built target all.xml-v2.0
[ 46%] Built target ASLUAV.xml-v1.0
[ 50%] Built target development.xml-v1.0
[ 53%] Built target icarous.xml-v2.0
[ 57%] Built target storm32.xml-v2.0
[ 65%] Built target common.xml-v1.0
[ 65%] Built target AVSSUAS.xml-v1.0
[ 69%] Built target paparazzi.xml-v2.0
[ 76%] Built target matrixpilot.xml-v1.0
[ 76%] Built target AVSSUAS.xml-v2.0
[ 80%] Built target standard.xml-v2.0
[ 84%] Built target development.xml-v2.0
[ 88%] Built target ualberta.xml-v2.0
[ 92%] Built target matrixpilot.xml-v2.0
[ 96%] Built target ardupilotmega.xml-v2.0
[100%] Built target common.xml-v2.0
